<?xml version="1.0" encoding="UTF-8"?>
<!-- Generated by org.testng.reporters.JUnitReportReporter -->
<testsuite hostname="DESKTOP-TP0PMHA" name="commusoftstage.payfort" tests="2" failures="0" timestamp="5 Jun 2019 10:21:52 GMT" time="86.784" errors="0">
  <testcase name="login" time="16.328" classname="commusoftstage.payfort"/>
  <testcase name="PayFort_Customer_Creditnote_WithEmail" time="70.456" classname="commusoftstage.payfort"/>
</testsuite> <!-- commusoftstage.payfort -->
