<?xml version="1.0" encoding="UTF-8"?>
<!-- Generated by org.testng.reporters.JUnitReportReporter -->
<testsuite hostname="DESKTOP-TP0PMHA" name="commusoftstage.commustageJ" tests="59" failures="0" timestamp="21 Jun 2019 13:58:18 GMT" time="1260.926" errors="0">
  <testcase name="Create_Company" time="15.924" classname="commusoftstage.commustageJ"/>
  <testcase name="WorkAddressEdit_job" time="28.313" classname="commusoftstage.commustageJ"/>
  <testcase name="WorkAddressView_NoBreakDown" time="14.805" classname="commusoftstage.commustageJ"/>
  <testcase name="WorkAddressEditJobReminder" time="10.242" classname="commusoftstage.commustageJ"/>
  <testcase name="Editinvoice_NoBreakDown" time="13.982" classname="commusoftstage.commustageJ"/>
  <testcase name="Edit_job" time="23.088" classname="commusoftstage.commustageJ"/>
  <testcase name="View_NoBreakDown" time="14.695" classname="commusoftstage.commustageJ"/>
  <testcase name="WorkAddressEditinvoice_Breakdownbycategory" time="14.633" classname="commusoftstage.commustageJ"/>
  <testcase name="Supplier_EditInvoice" time="19.725" classname="commusoftstage.commustageJ"/>
  <testcase name="WorkAddressAddAttachFile" time="21.624" classname="commusoftstage.commustageJ"/>
  <testcase name="WorkAddressPayment_Breakdownbycategory" time="8.157" classname="commusoftstage.commustageJ"/>
  <testcase name="AddAttachFile" time="27.362" classname="commusoftstage.commustageJ"/>
  <testcase name="Editinvoice_Breakdownbycategory" time="14.483" classname="commusoftstage.commustageJ"/>
  <testcase name="Addinvoice_Fullbreakdown" time="32.340" classname="commusoftstage.commustageJ"/>
  <testcase name="WorkAddressCreate_job" time="38.710" classname="commusoftstage.commustageJ"/>
  <testcase name="Supplier_Invoice" time="19.388" classname="commusoftstage.commustageJ"/>
  <testcase name="Supplier_creditnote" time="30.827" classname="commusoftstage.commustageJ"/>
  <testcase name="Create_job" time="29.578" classname="commusoftstage.commustageJ"/>
  <testcase name="WorkAddressAddinvoice_Fullbreakdownbycategory" time="31.882" classname="commusoftstage.commustageJ"/>
  <testcase name="WorkAddressAddinvoice_NoBreakDown" time="14.835" classname="commusoftstage.commustageJ"/>
  <testcase name="WorkAddressAddinvoice_Fullbreakdown" time="34.106" classname="commusoftstage.commustageJ"/>
  <testcase name="WorkAddressPayment_Fullbreakdown" time="13.244" classname="commusoftstage.commustageJ"/>
  <testcase name="Customer_AfterSalesCare" time="36.024" classname="commusoftstage.commustageJ"/>
  <testcase name="Payment_NoBreakDown" time="9.255" classname="commusoftstage.commustageJ"/>
  <testcase name="Create_customer" time="11.164" classname="commusoftstage.commustageJ"/>
  <testcase name="Diary_EstimateEvent" time="30.303" classname="commusoftstage.commustageJ"/>
  <testcase name="Customer_NotesCommunication" time="16.079" classname="commusoftstage.commustageJ"/>
  <testcase name="Create_Companyjob" time="9.956" classname="commusoftstage.commustageJ"/>
  <testcase name="Addinvoice_Breakdownbycategory" time="31.216" classname="commusoftstage.commustageJ"/>
  <testcase name="ConvertEstimateToJob" time="66.832" classname="commusoftstage.commustageJ"/>
  <testcase name="WorkAddressOfficeTask" time="14.998" classname="commusoftstage.commustageJ"/>
  <testcase name="Diary_NormallEvent" time="16.345" classname="commusoftstage.commustageJ"/>
  <testcase name="WorkAddressEditinvoice_NoBreakDown" time="13.233" classname="commusoftstage.commustageJ"/>
  <testcase name="service_reminder" time="34.902" classname="commusoftstage.commustageJ"/>
  <testcase name="Payment_Breakdownbycategory" time="8.188" classname="commusoftstage.commustageJ"/>
  <testcase name="Edit_Company" time="9.449" classname="commusoftstage.commustageJ"/>
  <testcase name="Supplier_po" time="19.654" classname="commusoftstage.commustageJ"/>
  <testcase name="OfficeTask" time="16.569" classname="commusoftstage.commustageJ"/>
  <testcase name="Edit_WorkAddress" time="9.543" classname="commusoftstage.commustageJ"/>
  <testcase name="WorkAddressAddinvoice_Breakdownbycategory" time="31.417" classname="commusoftstage.commustageJ"/>
  <testcase name="CreateWorkAddress" time="16.520" classname="commusoftstage.commustageJ"/>
  <testcase name="WorkAddressPayment_NoBreakDown" time="8.849" classname="commusoftstage.commustageJ"/>
  <testcase name="Customer_Createcontact" time="9.346" classname="commusoftstage.commustageJ"/>
  <testcase name="Diary_JobEvent" time="30.439" classname="commusoftstage.commustageJ"/>
  <testcase name="Addinvoice_Fullbreakdownbycategory" time="31.858" classname="commusoftstage.commustageJ"/>
  <testcase name="Company_WorkAddress" time="14.367" classname="commusoftstage.commustageJ"/>
  <testcase name="SolarSearch" time="3.297" classname="commusoftstage.commustageJ"/>
  <testcase name="Payment_Fullbreakdown" time="13.044" classname="commusoftstage.commustageJ"/>
  <testcase name="Edit_customer" time="8.519" classname="commusoftstage.commustageJ"/>
  <testcase name="JobReminder" time="13.286" classname="commusoftstage.commustageJ"/>
  <testcase name="Addinvoice_NoBreakDown" time="15.065" classname="commusoftstage.commustageJ"/>
  <testcase name="RejectEstimate" time="68.503" classname="commusoftstage.commustageJ"/>
  <testcase name="Create_Supplier" time="16.570" classname="commusoftstage.commustageJ"/>
  <testcase name="Edit_Supplier" time="13.531" classname="commusoftstage.commustageJ"/>
  <testcase name="WorkAddressJobReminder" time="15.191" classname="commusoftstage.commustageJ"/>
  <testcase name="Diary_JobEventwithnewcustomer" time="40.116" classname="commusoftstage.commustageJ"/>
  <testcase name="login" time="19.049" classname="commusoftstage.commustageJ"/>
  <testcase name="CreateWorkAddressEstimate" time="56.093" classname="commusoftstage.commustageJ"/>
  <testcase name="EditJobReminder" time="10.213" classname="commusoftstage.commustageJ"/>
</testsuite> <!-- commusoftstage.commustageJ -->
